<?xml version="1.0" encoding="UTF-8"?>
<!-- Generated by org.testng.reporters.JUnitReportReporter -->
<testsuite hostname="AHMs-MBP" failures="0" tests="1" name="com.TestNGPractice.BasicAnnotation" time="0.032" errors="0" timestamp="2023-05-15T20:54:27 EDT" skipped="0">
  <testcase classname="com.TestNGPractice.BasicAnnotation" name="getTest" time="0.032"/>
  <system-out/>
</testsuite> <!-- com.TestNGPractice.BasicAnnotation -->
