<?xml version="1.0" encoding="UTF-8"?>
<!-- Generated by org.testng.reporters.JUnitReportReporter -->
<testsuite hostname="AHMs-MBP" failures="0" tests="1" name="javacoding.challenges.BreakAndContinueStatement" time="0.007" errors="0" timestamp="2023-06-06T22:39:32 EDT" skipped="0">
  <testcase classname="javacoding.challenges.BreakAndContinueStatement" name="getBreakTheLoop" time="0.007"/>
  <system-out/>
</testsuite> <!-- javacoding.challenges.BreakAndContinueStatement -->
