<?xml version="1.0" encoding="UTF-8"?>
<!-- Generated by org.testng.reporters.JUnitReportReporter -->
<testsuite hostname="AHMs-MBP" failures="0" tests="1" name="javacoding.challenges.CodeMoja" time="0.008" errors="0" timestamp="2023-06-09T00:26:12 EDT" skipped="0">
  <testcase classname="javacoding.challenges.CodeMoja" name="getVowel" time="0.008"/>
  <system-out/>
</testsuite> <!-- javacoding.challenges.CodeMoja -->
