<?xml version="1.0" encoding="UTF-8"?>
<!-- Generated by org.testng.reporters.JUnitReportReporter -->
<testsuite hostname="AHMs-MBP" failures="0" tests="1" name="javacoding.challenges.SunCoding" time="0.008" errors="0" timestamp="2023-06-12T13:01:50 EDT" skipped="0">
  <testcase classname="javacoding.challenges.SunCoding" name="getVow" time="0.008"/>
  <system-out/>
</testsuite> <!-- javacoding.challenges.SunCoding -->
