<?xml version="1.0" encoding="UTF-8"?>
<!-- Generated by org.testng.reporters.JUnitReportReporter -->
<testsuite hostname="AHMs-MBP" failures="0" tests="1" name="smarttech.ny.myrunner.TestRunner" time="42.542" errors="0" timestamp="2023-07-25T12:16:52 EDT" skipped="0">
  <testcase classname="smarttech.ny.myrunner.TestRunner" name="runScenario" time="42.542"/>
  <system-out/>
</testsuite> <!-- smarttech.ny.myrunner.TestRunner -->
