<?xml version="1.0" encoding="UTF-8"?>
<!-- Generated by org.testng.reporters.JUnitReportReporter -->
<testsuite hostname="AHMs-MBP" failures="0" tests="2" name="javacoding.challenges.CodingExercise" time="0.012" errors="0" timestamp="2023-06-14T21:59:47 EDT" skipped="0">
  <testcase classname="javacoding.challenges.CodingExercise" name="getEvenAndOdd" time="0.009"/>
  <system-out/>
  <testcase classname="javacoding.challenges.CodingExercise" name="getVowels" time="0.003"/>
  <system-out/>
</testsuite> <!-- javacoding.challenges.CodingExercise -->
