<?xml version="1.0" encoding="UTF-8"?>
<!-- Generated by org.testng.reporters.JUnitReportReporter -->
<testsuite hostname="AHMs-MBP" failures="0" tests="1" name="smarttech.ny.myrunner.TestRunner" time="39.285" errors="0" timestamp="25 Jul 2023 11:44:33 GMT" skipped="0">
  <testcase classname="smarttech.ny.myrunner.TestRunner" name="runScenario" time="39.285"/>
</testsuite> <!-- smarttech.ny.myrunner.TestRunner -->
